C51 COMPILER V9.60.0.0   MAIN                                                              11/24/2020 00:40:05 PAGE 1   


C51 COMPILER V9.60.0.0, COMPILATION OF MODULE MAIN
OBJECT MODULE PLACED IN .\Objects\main.obj
COMPILER INVOKED BY: D:\keil\C51\BIN\C51.EXE main.c OPTIMIZE(8,SPEED) BROWSE DEBUG OBJECTEXTEND PRINT(.\Listings\main.ls
                    -t) TABS(2) OBJECT(.\Objects\main.obj)

line level    source

   1          #include <reg52.h>           //调用单片机头文件
   2          #include <intrins.h>
   3          #include "string.h"
   4          #include "stdio.h"
   5          #include "oled.h"
   6          
   7          #define uchar unsigned char  
   8          #define uint  unsigned int   
   9          
  10          sbit KEY0=P3^7;
  11          sbit KEY1=P3^6;
  12          
  13          int key_scan()
  14          {
  15   1        static uchar key_up=1;//按键按松开标志
  16   1       
  17   1        if(key_up&&(KEY0==0||KEY1==0))//||WK_UP==1))
  18   1        {
  19   2          key_up=0;
  20   2          if(KEY0==0)return 1;
  21   2          else if(KEY1==0)return 2;
  22   2        }else if(KEY0==1&&KEY1==1)key_up=1;       
  23   1        return 0;// 无按键按下
  24   1      }
  25          
  26          
  27          
  28          void init_UART()
  29          {
  30   1        PCON &= 0x7F;   //波特率不倍速
  31   1        TMOD &= 0x0F;   //清除定时器1模式位
  32   1        TMOD |= 0x20;   //设定定时器1为8位自动重装方式
  33   1        SCON = 0x50;   //串口方式一
  34   1        TH1 = 0XFD;
  35   1        TL1 = 0XFD;
  36   1        RI = 0;
  37   1        EA = 1;        //运行总中断
  38   1        ES = 1;        //运行串口中断
  39   1        TR1 = 1;       //定时器启动
  40   1      }
  41          
  42          /*-----------------发送一个字节-----------------*/
  43          void SendByte(unsigned char dat)
  44          {
  45   1         TI = 0;
  46   1         SBUF = dat;
  47   1         while(!TI);
  48   1          TI = 0;
  49   1      }
  50          
  51          
  52          /*-----------------发送一个字符串---------------*/
  53          void SendStr(unsigned char *s)
  54          {
C51 COMPILER V9.60.0.0   MAIN                                                              11/24/2020 00:40:05 PAGE 2   

  55   1      
  56   1         while(*s!='\0')// \0 表示字符串结束标志，通过检测是否字符串末尾
  57   1         {
  58   2            SendByte(*s);
  59   2            s++;
  60   2         }
  61   1      
  62   1      }
  63          
  64          char temp;                
  65          char Rec[34];                                 //接收数组
  66          char data_count = 0;                          //接收次数
  67          char temp_length;                             //数据长度
  68          bit flag_r = 0;                     //标志量  
  69          
  70          void UART1_Interrupt() interrupt 4  using 3 //串口中断函数接收程序
  71          {
  72   1      //    temp = 0;
  73   1          if (RI == 1)
  74   1          {
  75   2            temp = SBUF;
  76   2            RI = 0;
  77   2            if(temp!='\n') //判断是否接收到结束符
  78   2            {
  79   3                Rec[data_count]=temp;// 否，就存到RevBuf【】数组中
  80   3                data_count++;
  81   3            }
  82   2            else if (temp == '\n')
  83   2            {
  84   3                temp_length=data_count;//是，记录其数据长度
  85   3                data_count=0;
  86   3                flag_r = 1;             //结束接收标志位
  87   3      
  88   3            }
  89   2          }
  90   1      }
  91          
  92          /***************主函数*****************/
  93          void main()
  94          {
  95   1        char key = 0, i = 0;
  96   1        char j= 0;              
  97   1        char str[10]=0;
  98   1        
  99   1        KEY0 = 1;KEY1 =1;
 100   1        
 101   1        init_UART();                //初始化串口
 102   1        
 103   1        OLED_Init();                //oled初始化
 104   1        OLED_Clear();               //清屏
 105   1        OLED_ShowNum(0,0,0,2,12);
 106   1        OLED_Clear();
 107   1      
 108   1        while(1)
 109   1        {
 110   2          key = key_scan();         //独立按键程序
 111   2          
 112   2          if (key == 1)             
 113   2          {             
 114   3            SendStr("testTEST1234\n");    //发送数据    
 115   3          }
 116   2          
C51 COMPILER V9.60.0.0   MAIN                                                              11/24/2020 00:40:05 PAGE 3   

 117   2          else if (key == 2)
 118   2          { 
 119   3            sprintf(str,"%d \n",j);        //按下后串口发送数据加1
 120   3            SendStr(str);
 121   3            j++;
 122   3          }
 123   2        
 124   2          if (flag_r == 1)
 125   2          {
 126   3            OLED_Clear();                   //oled清屏  
 127   3            OLED_ShowString(0,0,Rec,12);    //显示接收数据
 128   3            memset(Rec, 0, sizeof (Rec));   //清空接收数组
 129   3            flag_r = 0;
 130   3          }
 131   2        }
 132   1      }
 133          


MODULE INFORMATION:   STATIC OVERLAYABLE
   CODE SIZE        =    306    ----
   CONSTANT SIZE    =     29    ----
   XDATA SIZE       =   ----    ----
   PDATA SIZE       =   ----    ----
   DATA SIZE        =     38      13
   IDATA SIZE       =   ----    ----
   BIT SIZE         =      1    ----
END OF MODULE INFORMATION.


C51 COMPILATION COMPLETE.  0 WARNING(S),  0 ERROR(S)
